[mainmo.repostatf]
savedmemoryfiles=8
 mainfo.sta
 commitqueryfo.sta
 optionsfo.sta
 revertqueryfo.sta
 lastmessagefo.sta
 clonequeryfo.sta
 commitmessagefo.sta
 form.sta
mainfo.sta=313
 [mainfo.panelcontroller]
 panels=2
  panel1
  panel2
 clients=299
  [mainfo.dockpanel]
  splitdir=2
  useroptions=33570179
  parent=mainfo.container
  visible=1
  mdistate=0
  nx=0
  ny=0
  ncx=0
  ncy=0
  x=0
  y=17
  cx=482
  cy=500
  rcx=0
  rcy=0
  [tagsfo.grid]
  propcolwidthref=730
  width0=159
  sortdescend0=0
  width1=217
  sortdescend1=0
  width2=88
  sortdescend2=0
  width3=124
  sortdescend3=1
  width4=103
  sortdescend4=0
  [tagsfo]
  splitdir=0
  useroptions=16507
  stackedunder=mainfo.panelcontroller.panel2
  parent=
  mdistate=0
  nx=0
  ny=0
  ncx=0
  ncy=0
  x=88
  y=177
  cx=779
  cy=354
  rcx=0
  rcy=0
  wsize=0
  active=0
  visible=0
  [logfo.grid]
  propcolwidthref=29
  width0=36
  sortdescend0=0
  sortdescend1=0
  width2=159
  sortdescend2=0
  width3=99
  sortdescend3=0
  width4=116
  sortdescend4=0
  width5=117
  sortdescend5=0
  sortcol=0
  rowstate=0
  sorted=1
  col=2
  row=-1073741823
  rowheight=16
  [logfo]
  splitdir=0
  useroptions=16507
  parent=mainfo.panelcontroller.panel2.container
  visible=1
  mdistate=0
  nx=0
  ny=0
  ncx=0
  ncy=0
  x=0
  y=223
  cx=572
  cy=206
  rcx=0
  rcy=0
  [diffwindowfo.tabs]
  tabsize=114
  firsttab=0
  index=0
  [diffwindowfo]
  splitdir=0
  useroptions=16507
  parent=mainfo.dockpanel
  visible=1
  mdistate=0
  nx=0
  ny=0
  ncx=0
  ncy=0
  x=0
  y=146
  cx=472
  cy=354
  rcx=0
  rcy=0
  [gitconsolefo]
  splitdir=0
  useroptions=16491
  parent=mainfo.panelcontroller.panel2.container
  visible=1
  mdistate=0
  nx=0
  ny=0
  ncx=0
  ncy=0
  x=0
  y=432
  cx=572
  cy=100
  rcx=0
  rcy=0
  [branchfo.remotegrid]
  propcolwidthref=229
  width0=73
  sortdescend0=0
  width1=80
  sortdescend1=0
  width2=64
  sortdescend2=0
  sortdescend3=0
  sortdescend4=0
  sortdescend5=0
  sortdescend6=0
  width7=20
  sortdescend7=0
  width8=18
  sortdescend8=0
  rowstate=0
  [branchfo.localgrid]
  propcolwidthref=182
  sortdescend0=0
  width1=114
  sortdescend1=0
  width2=57
  sortdescend2=0
  sortdescend3=0
  sortdescend4=0
  sortdescend5=0
  rowstate=0
  [branchfo.tsplitter1]
  x=264
  y=0
  xprop=0.46678321678322
  yprop=1
  [branchfo]
  splitdir=0
  useroptions=16507
  parent=mainfo.panelcontroller.panel2.container
  visible=1
  mdistate=0
  nx=0
  ny=0
  ncx=0
  ncy=0
  x=0
  y=74
  cx=572
  cy=146
  rcx=0
  rcy=0
  [remotesfo]
  splitdir=0
  useroptions=16491
  parent=mainfo.panelcontroller.panel2.container
  visible=1
  mdistate=0
  nx=0
  ny=0
  ncx=0
  ncy=0
  x=0
  y=0
  cx=572
  cy=71
  rcx=0
  rcy=0
  [remotesfo.grid]
  propcolwidthref=553
  width0=115
  sortdescend0=0
  width1=195
  sortdescend1=0
  width2=212
  sortdescend2=0
  [stashfo.stashgrid]
  propcolwidthref=435
  width0=120
  sortdescend0=0
  width1=309
  sortdescend1=0
  [stashfo]
  splitdir=0
  useroptions=16507
  stackedunder=tagsfo
  parent=
  mdistate=0
  nx=0
  ny=0
  ncx=0
  ncy=0
  x=100
  y=100
  cx=445
  cy=354
  rcx=0
  rcy=0
  wsize=0
  active=0
  visible=0
  [filesfo]
  splitdir=0
  useroptions=16507
  parent=mainfo.panelcontroller.panel1.container
  visible=1
  mdistate=0
  nx=0
  ny=0
  ncx=0
  ncy=0
  x=151
  y=0
  cx=321
  cy=143
  rcx=0
  rcy=0
  [filesfo.filelist.grid]
  propcolwidthref=115
  sortdescend0=0
  sortdescend1=1
  width2=174
  sortdescend2=0
  [dirtreefo]
  splitdir=0
  useroptions=16507
  parent=mainfo.panelcontroller.panel1.container
  visible=1
  mdistate=0
  nx=0
  ny=0
  ncx=0
  ncy=0
  x=0
  y=0
  cx=148
  cy=143
  rcx=0
  rcy=0
  [mainfo.panelcontroller.panel1]
  splitdir=1
  useroptions=32239
  parent=mainfo.dockpanel
  visible=1
  mdistate=0
  nx=0
  ny=0
  ncx=0
  ncy=0
  x=0
  y=0
  cx=472
  cy=143
  rcx=0
  rcy=0
  children=2
   filesfo,151,0,321,143
   dirtreefo,0,0,148,143
  focusedchild=1
  [mainfo.panelcontroller.panel2]
  splitdir=2
  useroptions=33586671
  stackedunder=mainfo
  parent=
  mdistate=0
  nx=0
  ny=0
  ncx=0
  ncy=0
  x=752
  y=172
  cx=582
  cy=532
  rcx=0
  rcy=0
  children=4
   logfo,0,223,572,206
   gitconsolefo,0,432,572,100
   branchfo,0,74,572,146
   remotesfo,0,0,572,71
  focusedchild=1
  wsize=0
  active=0
  visible=1
 [mainfo]
 stackedunder=
 x=157
 y=224
 cx=482
 cy=532
 wsize=0
 active=1
 visible=1
commitqueryfo.sta=19
 [commitqueryfo.tsplitter1]
 x=0
 y=334
 xprop=1
 yprop=0.65527950310559
 [commitqueryfo.tsplitter2]
 x=243
 y=0
 xprop=0.30524642289348
 yprop=0.99805825242718
 [commitqueryfo]
 stackedunder=
 x=215
 y=177
 cx=805
 cy=542
 wsize=0
 active=1
 visible=1
optionsfo.sta=9
 [optionsfo]
 stackedunder=
 x=582
 y=267
 cx=402
 cy=274
 wsize=0
 active=1
 visible=1
revertqueryfo.sta=14
 [revertqueryfo.tsplitter2]
 x=232
 y=-8
 xprop=0.4249547920434
 yprop=0.85512367491166
 [revertqueryfo]
 stackedunder=
 x=113
 y=249
 cx=553
 cy=283
 wsize=0
 active=1
 visible=1
lastmessagefo.sta=9
 [lastmessagefo]
 stackedunder=
 x=212
 y=250
 cx=341
 cy=263
 wsize=0
 active=1
 visible=1
clonequeryfo.sta=35
 [clonequeryfo.cloneurled]
 value=https://github.com/billbuzzell/MseGit101.git
 history=6
  https://github.com/billbuzzell/MseGit101.git
  https://github.com/billbuzzell/Graphics.git
  https://github.com/graemeg/freepascal.git
  https://gitorious.org/mseuniverse/mseuniverse.git
  https://github.com/graemeg/fpGUI.git
  
 [clonequeryfo.clonedired]
 filenames=1
  /E:/graphics-git/msegit101/
 lastdir=/E:/graphics-git/msegit101/
 filehistory=5
  /E:/graphics-git/msegit101/
  /E:/graphics-git/
  /E:/fpc-git/
  /E:/msegui/
  /C:/
 filefilterindex=-1
 filefilter=
 filecolwidth=174
 x=0
 y=0
 cx=0
 cy=0
 [clonequeryfo]
 stackedunder=
 x=51
 y=128
 cx=587
 cy=135
 wsize=0
 active=1
 visible=1
commitmessagefo.sta=12
 [commitmessagefo.messageed]
 value=Merge branch 'master' of https://github.com/billbuzzell/Graphics
 +
 [commitmessagefo]
 stackedunder=
 x=132
 y=271
 cx=399
 cy=185
 wsize=0
 active=1
 visible=1
form.sta=302
 [mainfo.dockpanel]
 splitdir=2
 useroptions=33570179
 parent=mainfo.container
 visible=1
 mdistate=0
 nx=0
 ny=0
 ncx=0
 ncy=0
 x=0
 y=17
 cx=482
 cy=500
 rcx=0
 rcy=0
 [tagsfo.grid]
 propcolwidthref=730
 width0=159
 sortdescend0=0
 width1=217
 sortdescend1=0
 width2=88
 sortdescend2=0
 width3=124
 sortdescend3=1
 width4=103
 sortdescend4=0
 [tagsfo]
 splitdir=0
 useroptions=16507
 stackedunder=mainfo.panelcontroller.panel2
 parent=
 mdistate=0
 nx=0
 ny=0
 ncx=0
 ncy=0
 x=88
 y=177
 cx=779
 cy=354
 rcx=0
 rcy=0
 wsize=0
 active=0
 visible=0
 [logfo.grid]
 propcolwidthref=29
 width0=36
 sortdescend0=0
 sortdescend1=0
 width2=159
 sortdescend2=0
 width3=99
 sortdescend3=0
 width4=116
 sortdescend4=0
 width5=117
 sortdescend5=0
 sortcol=0
 rowstate=1
  0 0 0
 sorted=1
 col=2
 row=0
 rowheight=16
 [logfo]
 splitdir=0
 useroptions=16507
 parent=mainfo.panelcontroller.panel2.container
 visible=1
 mdistate=0
 nx=0
 ny=0
 ncx=0
 ncy=0
 x=0
 y=223
 cx=572
 cy=206
 rcx=0
 rcy=0
 [diffwindowfo.tabs]
 tabsize=114
 firsttab=0
 index=0
 [diffwindowfo]
 splitdir=0
 useroptions=16507
 parent=mainfo.dockpanel
 visible=1
 mdistate=0
 nx=0
 ny=0
 ncx=0
 ncy=0
 x=0
 y=145
 cx=472
 cy=355
 rcx=0
 rcy=0
 [gitconsolefo]
 splitdir=0
 useroptions=16491
 parent=mainfo.panelcontroller.panel2.container
 visible=1
 mdistate=0
 nx=0
 ny=0
 ncx=0
 ncy=0
 x=0
 y=432
 cx=572
 cy=100
 rcx=0
 rcy=0
 [branchfo.remotegrid]
 propcolwidthref=229
 width0=73
 sortdescend0=0
 width1=80
 sortdescend1=0
 width2=64
 sortdescend2=0
 sortdescend3=0
 sortdescend4=0
 sortdescend5=0
 sortdescend6=0
 width7=20
 sortdescend7=0
 width8=18
 sortdescend8=0
 rowstate=1
  0 3
 [branchfo.localgrid]
 propcolwidthref=182
 sortdescend0=0
 width1=114
 sortdescend1=0
 width2=57
 sortdescend2=0
 sortdescend3=0
 sortdescend4=0
 sortdescend5=0
 rowstate=1
  0
 [branchfo.tsplitter1]
 x=264
 y=0
 xprop=0.46678321678322
 yprop=1
 [branchfo]
 splitdir=0
 useroptions=16507
 parent=mainfo.panelcontroller.panel2.container
 visible=1
 mdistate=0
 nx=0
 ny=0
 ncx=0
 ncy=0
 x=0
 y=74
 cx=572
 cy=146
 rcx=0
 rcy=0
 [remotesfo]
 splitdir=0
 useroptions=16491
 parent=mainfo.panelcontroller.panel2.container
 visible=1
 mdistate=0
 nx=0
 ny=0
 ncx=0
 ncy=0
 x=0
 y=0
 cx=572
 cy=71
 rcx=0
 rcy=0
 [remotesfo.grid]
 propcolwidthref=553
 width0=115
 sortdescend0=0
 width1=195
 sortdescend1=0
 width2=212
 sortdescend2=0
 [stashfo.stashgrid]
 propcolwidthref=435
 width0=120
 sortdescend0=0
 width1=309
 sortdescend1=0
 [stashfo]
 splitdir=0
 useroptions=16507
 stackedunder=tagsfo
 parent=
 mdistate=0
 nx=0
 ny=0
 ncx=0
 ncy=0
 x=100
 y=100
 cx=445
 cy=354
 rcx=0
 rcy=0
 wsize=0
 active=0
 visible=0
 [filesfo]
 splitdir=0
 useroptions=16507
 parent=mainfo.panelcontroller.panel1.container
 visible=1
 mdistate=0
 nx=0
 ny=0
 ncx=0
 ncy=0
 x=151
 y=0
 cx=321
 cy=142
 rcx=0
 rcy=0
 [filesfo.filelist.grid]
 propcolwidthref=115
 sortdescend0=0
 sortdescend1=1
 width2=174
 sortdescend2=0
 [dirtreefo]
 splitdir=0
 useroptions=16507
 parent=mainfo.panelcontroller.panel1.container
 visible=1
 mdistate=0
 nx=0
 ny=0
 ncx=0
 ncy=0
 x=0
 y=0
 cx=148
 cy=142
 rcx=0
 rcy=0
 [mainfo.panelcontroller.panel1]
 splitdir=1
 useroptions=32239
 parent=mainfo.dockpanel
 visible=1
 mdistate=0
 nx=0
 ny=0
 ncx=0
 ncy=0
 x=0
 y=0
 cx=472
 cy=142
 rcx=0
 rcy=0
 children=2
  filesfo,151,0,321,142
  dirtreefo,0,0,148,142
 focusedchild=1
 [mainfo.panelcontroller.panel2]
 splitdir=2
 useroptions=33586671
 stackedunder=mainfo
 parent=
 mdistate=0
 nx=0
 ny=0
 ncx=0
 ncy=0
 x=752
 y=172
 cx=582
 cy=532
 rcx=0
 rcy=0
 children=4
  logfo,0,223,572,206
  gitconsolefo,0,432,572,100
  branchfo,0,74,572,146
  remotesfo,0,0,572,71
 focusedchild=1
 wsize=0
 active=0
 visible=1
[mainmo.repoobj]
activeremote=origin
activelocallogbranch=master
activeremotelog=
activeremotelogbranch=
commitmessages=1
 initial
commitmessage=initial
linkedremotebranches=0
hiddenremotes=0
hiddenremotebranches=0
hiddenlocalbranches=0
localbranchorder=0
remotesorder=0
remotebranchorder=0
showhiddenbranches=0
logfiltercommit=
logfiltercommitter=
logfilterdatemin=
logfilterdatemax=
logfiltermessage=
remotes=1
 origin,
diffdir=
